[l2sativa.site/index.html]
[backblue.gif]
[fade.gif]
[index.html]
[l2sativa.site/css/bootstrap.min.css]
[l2sativa.site/css/styles.css]
[l2sativa.site/index-2.html]
[l2sativa.site/donacion.html]
[l2sativa.site/informacion.html]
[l2sativa.site/img/slider/background_1.jpg]
[hopzone.r.worldssl.net/img/_vbanners/lineage2/Vote_06.gif]
[hopzone.r.worldssl.net/img/_vbanners/lineage2/lineage2-90x60-1.gif]
[l2topzone.com/vb/l2topzone-Lineage2-vote-banner-bottom-left-1.gif]
[scontent.fath3-4.fna.fbcdn.net/v/t1.0-9/c0.0.433.447a/95778321_4039843642722653_2771103596480036864_nf627.jpg]
[l2sativa.site/js/jquery-3.2.1.slim.min.js]
[l2sativa.site/js/popper.min.js]
[l2sativa.site/index.html]
[l2sativa.site/css/bootstrap.min.css]
[l2sativa.site/css/styles.css]
[l2sativa.site/index-2.html]
[l2sativa.site/js/bootstrap.min.js]
[l2sativa.site/img/baium_cartoon.png]
[l2sativa.site/img/donate.png]
[l2sativa.site/donacion.html]
[l2sativa.site/informacion.html]
[l2votes.com/images/logos/l2votes-0.html]
